{"C:\\Users\\Михаил\\Desktop\\Difference calculator\\frontend-project-46\\src\\comparefiles.js": {"path":"C:\\Users\\Михаил\\Desktop\\Difference calculator\\frontend-project-46\\src\\comparefiles.js","all":false,"statementMap":{"0":{"start":{"line":1,"column":0},"end":{"line":1,"column":23}},"1":{"start":{"line":2,"column":0},"end":{"line":2,"column":0}},"2":{"start":{"line":3,"column":0},"end":{"line":3,"column":39}},"3":{"start":{"line":4,"column":0},"end":{"line":4,"column":29}},"4":{"start":{"line":5,"column":0},"end":{"line":5,"column":29}},"5":{"start":{"line":6,"column":0},"end":{"line":6,"column":42}},"6":{"start":{"line":7,"column":0},"end":{"line":7,"column":41}},"7":{"start":{"line":8,"column":0},"end":{"line":8,"column":20}},"8":{"start":{"line":9,"column":0},"end":{"line":9,"column":2}},"9":{"start":{"line":10,"column":0},"end":{"line":10,"column":0}},"10":{"start":{"line":11,"column":0},"end":{"line":11,"column":40}},"11":{"start":{"line":12,"column":0},"end":{"line":12,"column":43}},"12":{"start":{"line":13,"column":0},"end":{"line":13,"column":40}},"13":{"start":{"line":14,"column":0},"end":{"line":14,"column":30}},"14":{"start":{"line":15,"column":0},"end":{"line":15,"column":30}},"15":{"start":{"line":16,"column":0},"end":{"line":16,"column":50}},"16":{"start":{"line":17,"column":0},"end":{"line":17,"column":56}},"17":{"start":{"line":18,"column":0},"end":{"line":18,"column":20}},"18":{"start":{"line":19,"column":0},"end":{"line":19,"column":5}},"19":{"start":{"line":20,"column":0},"end":{"line":20,"column":50}},"20":{"start":{"line":21,"column":0},"end":{"line":21,"column":54}},"21":{"start":{"line":22,"column":0},"end":{"line":22,"column":20}},"22":{"start":{"line":23,"column":0},"end":{"line":23,"column":5}},"23":{"start":{"line":24,"column":0},"end":{"line":24,"column":51}},"24":{"start":{"line":25,"column":0},"end":{"line":25,"column":22}},"25":{"start":{"line":26,"column":0},"end":{"line":26,"column":12}},"26":{"start":{"line":27,"column":0},"end":{"line":27,"column":47}},"27":{"start":{"line":28,"column":0},"end":{"line":28,"column":25}},"28":{"start":{"line":29,"column":0},"end":{"line":29,"column":8}},"29":{"start":{"line":30,"column":0},"end":{"line":30,"column":20}},"30":{"start":{"line":31,"column":0},"end":{"line":31,"column":5}},"31":{"start":{"line":32,"column":0},"end":{"line":32,"column":36}},"32":{"start":{"line":33,"column":0},"end":{"line":33,"column":58}},"33":{"start":{"line":34,"column":0},"end":{"line":34,"column":20}},"34":{"start":{"line":35,"column":0},"end":{"line":35,"column":5}},"35":{"start":{"line":36,"column":0},"end":{"line":36,"column":12}},"36":{"start":{"line":37,"column":0},"end":{"line":37,"column":10}},"37":{"start":{"line":38,"column":0},"end":{"line":38,"column":13}},"38":{"start":{"line":39,"column":0},"end":{"line":39,"column":13}},"39":{"start":{"line":40,"column":0},"end":{"line":40,"column":24}},"40":{"start":{"line":41,"column":0},"end":{"line":41,"column":6}},"41":{"start":{"line":42,"column":0},"end":{"line":42,"column":5}},"42":{"start":{"line":43,"column":0},"end":{"line":43,"column":20}},"43":{"start":{"line":44,"column":0},"end":{"line":44,"column":2}},"44":{"start":{"line":45,"column":0},"end":{"line":45,"column":0}},"45":{"start":{"line":46,"column":0},"end":{"line":46,"column":28}}},"s":{"0":1,"1":1,"2":1,"3":40,"4":40,"5":40,"6":40,"7":40,"8":40,"9":1,"10":1,"11":40,"12":40,"13":144,"14":144,"15":144,"16":16,"17":16,"18":16,"19":144,"20":40,"21":40,"22":40,"23":144,"24":32,"25":32,"26":32,"27":32,"28":32,"29":32,"30":32,"31":144,"32":24,"33":24,"34":24,"35":32,"36":32,"37":32,"38":32,"39":32,"40":32,"41":40,"42":40,"43":40,"44":1,"45":1},"branchMap":{"0":{"type":"branch","line":3,"loc":{"start":{"line":3,"column":22},"end":{"line":9,"column":2}},"locations":[{"start":{"line":3,"column":22},"end":{"line":9,"column":2}}]},"1":{"type":"branch","line":11,"loc":{"start":{"line":11,"column":21},"end":{"line":44,"column":2}},"locations":[{"start":{"line":11,"column":21},"end":{"line":44,"column":2}}]},"2":{"type":"branch","line":13,"loc":{"start":{"line":13,"column":31},"end":{"line":42,"column":3}},"locations":[{"start":{"line":13,"column":31},"end":{"line":42,"column":3}}]},"3":{"type":"branch","line":16,"loc":{"start":{"line":16,"column":25},"end":{"line":16,"column":47}},"locations":[{"start":{"line":16,"column":25},"end":{"line":16,"column":47}}]},"4":{"type":"branch","line":16,"loc":{"start":{"line":16,"column":49},"end":{"line":19,"column":5}},"locations":[{"start":{"line":16,"column":49},"end":{"line":19,"column":5}}]},"5":{"type":"branch","line":19,"loc":{"start":{"line":19,"column":4},"end":{"line":20,"column":30}},"locations":[{"start":{"line":19,"column":4},"end":{"line":20,"column":30}}]},"6":{"type":"branch","line":20,"loc":{"start":{"line":20,"column":26},"end":{"line":20,"column":47}},"locations":[{"start":{"line":20,"column":26},"end":{"line":20,"column":47}}]},"7":{"type":"branch","line":20,"loc":{"start":{"line":20,"column":49},"end":{"line":23,"column":5}},"locations":[{"start":{"line":20,"column":49},"end":{"line":23,"column":5}}]},"8":{"type":"branch","line":23,"loc":{"start":{"line":23,"column":4},"end":{"line":24,"column":30}},"locations":[{"start":{"line":23,"column":4},"end":{"line":24,"column":30}}]},"9":{"type":"branch","line":24,"loc":{"start":{"line":24,"column":26},"end":{"line":24,"column":48}},"locations":[{"start":{"line":24,"column":26},"end":{"line":24,"column":48}}]},"10":{"type":"branch","line":24,"loc":{"start":{"line":24,"column":50},"end":{"line":31,"column":5}},"locations":[{"start":{"line":24,"column":50},"end":{"line":31,"column":5}}]},"11":{"type":"branch","line":31,"loc":{"start":{"line":31,"column":4},"end":{"line":32,"column":35}},"locations":[{"start":{"line":31,"column":4},"end":{"line":32,"column":35}}]},"12":{"type":"branch","line":32,"loc":{"start":{"line":32,"column":35},"end":{"line":35,"column":5}},"locations":[{"start":{"line":32,"column":35},"end":{"line":35,"column":5}}]},"13":{"type":"branch","line":35,"loc":{"start":{"line":35,"column":4},"end":{"line":42,"column":3}},"locations":[{"start":{"line":35,"column":4},"end":{"line":42,"column":3}}]}},"b":{"0":[40],"1":[40],"2":[144],"3":[104],"4":[16],"5":[128],"6":[40],"7":[40],"8":[88],"9":[40],"10":[32],"11":[56],"12":[24],"13":[32]},"fnMap":{"0":{"name":"getSortedKeys","decl":{"start":{"line":3,"column":22},"end":{"line":9,"column":2}},"loc":{"start":{"line":3,"column":22},"end":{"line":9,"column":2}},"line":3},"1":{"name":"compareFiles","decl":{"start":{"line":11,"column":21},"end":{"line":44,"column":2}},"loc":{"start":{"line":11,"column":21},"end":{"line":44,"column":2}},"line":11}},"f":{"0":40,"1":40}}
,"C:\\Users\\Михаил\\Desktop\\Difference calculator\\frontend-project-46\\src\\index.js": {"path":"C:\\Users\\Михаил\\Desktop\\Difference calculator\\frontend-project-46\\src\\index.js","all":false,"statementMap":{"0":{"start":{"line":1,"column":0},"end":{"line":1,"column":66}},"1":{"start":{"line":2,"column":0},"end":{"line":2,"column":45}},"2":{"start":{"line":3,"column":0},"end":{"line":3,"column":39}},"3":{"start":{"line":4,"column":0},"end":{"line":4,"column":49}},"4":{"start":{"line":5,"column":0},"end":{"line":5,"column":0}},"5":{"start":{"line":6,"column":0},"end":{"line":6,"column":63}},"6":{"start":{"line":7,"column":0},"end":{"line":7,"column":40}},"7":{"start":{"line":8,"column":0},"end":{"line":8,"column":39}},"8":{"start":{"line":9,"column":0},"end":{"line":9,"column":32}},"9":{"start":{"line":10,"column":0},"end":{"line":10,"column":0}},"10":{"start":{"line":11,"column":0},"end":{"line":11,"column":40}},"11":{"start":{"line":12,"column":0},"end":{"line":12,"column":39}},"12":{"start":{"line":13,"column":0},"end":{"line":13,"column":32}},"13":{"start":{"line":14,"column":0},"end":{"line":14,"column":0}},"14":{"start":{"line":15,"column":0},"end":{"line":15,"column":48}},"15":{"start":{"line":16,"column":0},"end":{"line":16,"column":48}},"16":{"start":{"line":17,"column":0},"end":{"line":17,"column":52}},"17":{"start":{"line":18,"column":0},"end":{"line":18,"column":36}},"18":{"start":{"line":19,"column":0},"end":{"line":19,"column":2}},"19":{"start":{"line":20,"column":0},"end":{"line":20,"column":23}}},"s":{"0":1,"1":1,"2":1,"3":1,"4":1,"5":1,"6":8,"7":8,"8":8,"9":8,"10":8,"11":8,"12":8,"13":8,"14":8,"15":8,"16":8,"17":8,"18":8,"19":1},"branchMap":{"0":{"type":"branch","line":6,"loc":{"start":{"line":6,"column":16},"end":{"line":19,"column":2}},"locations":[{"start":{"line":6,"column":16},"end":{"line":19,"column":2}}]}},"b":{"0":[8]},"fnMap":{"0":{"name":"gendiff","decl":{"start":{"line":6,"column":16},"end":{"line":19,"column":2}},"loc":{"start":{"line":6,"column":16},"end":{"line":19,"column":2}},"line":6}},"f":{"0":8}}
,"C:\\Users\\Михаил\\Desktop\\Difference calculator\\frontend-project-46\\src\\parse.js": {"path":"C:\\Users\\Михаил\\Desktop\\Difference calculator\\frontend-project-46\\src\\parse.js","all":false,"statementMap":{"0":{"start":{"line":1,"column":0},"end":{"line":1,"column":27}},"1":{"start":{"line":2,"column":0},"end":{"line":2,"column":0}},"2":{"start":{"line":3,"column":0},"end":{"line":3,"column":17}},"3":{"start":{"line":4,"column":0},"end":{"line":4,"column":19}},"4":{"start":{"line":5,"column":0},"end":{"line":5,"column":18}},"5":{"start":{"line":6,"column":0},"end":{"line":6,"column":17}},"6":{"start":{"line":7,"column":0},"end":{"line":7,"column":2}},"7":{"start":{"line":8,"column":0},"end":{"line":8,"column":0}},"8":{"start":{"line":9,"column":0},"end":{"line":9,"column":41}},"9":{"start":{"line":10,"column":0},"end":{"line":10,"column":25}},"10":{"start":{"line":11,"column":0},"end":{"line":11,"column":42}},"11":{"start":{"line":12,"column":0},"end":{"line":12,"column":3}},"12":{"start":{"line":13,"column":0},"end":{"line":13,"column":45}},"13":{"start":{"line":14,"column":0},"end":{"line":14,"column":22}},"14":{"start":{"line":15,"column":0},"end":{"line":15,"column":2}},"15":{"start":{"line":16,"column":0},"end":{"line":16,"column":0}},"16":{"start":{"line":17,"column":0},"end":{"line":17,"column":29}}},"s":{"0":1,"1":1,"2":1,"3":1,"4":1,"5":1,"6":1,"7":1,"8":1,"9":16,"10":0,"11":0,"12":16,"13":16,"14":16,"15":1,"16":1},"branchMap":{"0":{"type":"branch","line":9,"loc":{"start":{"line":9,"column":22},"end":{"line":15,"column":2}},"locations":[{"start":{"line":9,"column":22},"end":{"line":15,"column":2}}]},"1":{"type":"branch","line":10,"loc":{"start":{"line":10,"column":24},"end":{"line":12,"column":3}},"locations":[{"start":{"line":10,"column":24},"end":{"line":12,"column":3}}]}},"b":{"0":[16],"1":[0]},"fnMap":{"0":{"name":"getParsedFile","decl":{"start":{"line":9,"column":22},"end":{"line":15,"column":2}},"loc":{"start":{"line":9,"column":22},"end":{"line":15,"column":2}},"line":9}},"f":{"0":16}}
,"C:\\Users\\Михаил\\Desktop\\Difference calculator\\frontend-project-46\\src\\tools.js": {"path":"C:\\Users\\Михаил\\Desktop\\Difference calculator\\frontend-project-46\\src\\tools.js","all":false,"statementMap":{"0":{"start":{"line":1,"column":0},"end":{"line":1,"column":34}},"1":{"start":{"line":2,"column":0},"end":{"line":2,"column":24}},"2":{"start":{"line":3,"column":0},"end":{"line":3,"column":36}},"3":{"start":{"line":4,"column":0},"end":{"line":4,"column":31}},"4":{"start":{"line":5,"column":0},"end":{"line":5,"column":0}},"5":{"start":{"line":6,"column":0},"end":{"line":6,"column":50}},"6":{"start":{"line":7,"column":0},"end":{"line":7,"column":38}},"7":{"start":{"line":8,"column":0},"end":{"line":8,"column":0}},"8":{"start":{"line":9,"column":0},"end":{"line":9,"column":17}},"9":{"start":{"line":10,"column":0},"end":{"line":10,"column":33}},"10":{"start":{"line":11,"column":0},"end":{"line":11,"column":55}},"11":{"start":{"line":12,"column":0},"end":{"line":12,"column":0}},"12":{"start":{"line":13,"column":0},"end":{"line":13,"column":20}},"13":{"start":{"line":14,"column":0},"end":{"line":14,"column":68}},"14":{"start":{"line":15,"column":0},"end":{"line":15,"column":0}},"15":{"start":{"line":16,"column":0},"end":{"line":16,"column":15}},"16":{"start":{"line":17,"column":0},"end":{"line":17,"column":63}},"17":{"start":{"line":18,"column":0},"end":{"line":18,"column":0}},"18":{"start":{"line":19,"column":0},"end":{"line":19,"column":48}}},"s":{"0":1,"1":1,"2":1,"3":1,"4":1,"5":1,"6":1,"7":1,"8":1,"9":1,"10":1,"11":1,"12":1,"13":1,"14":1,"15":1,"16":1,"17":1,"18":1},"branchMap":{"0":{"type":"branch","line":10,"loc":{"start":{"line":10,"column":21},"end":{"line":11,"column":54}},"locations":[{"start":{"line":10,"column":21},"end":{"line":11,"column":54}}]},"1":{"type":"branch","line":14,"loc":{"start":{"line":14,"column":23},"end":{"line":14,"column":67}},"locations":[{"start":{"line":14,"column":23},"end":{"line":14,"column":67}}]},"2":{"type":"branch","line":17,"loc":{"start":{"line":17,"column":18},"end":{"line":17,"column":62}},"locations":[{"start":{"line":17,"column":18},"end":{"line":17,"column":62}}]}},"b":{"0":[16],"1":[16],"2":[16]},"fnMap":{"0":{"name":"getFilePath","decl":{"start":{"line":10,"column":21},"end":{"line":11,"column":54}},"loc":{"start":{"line":10,"column":21},"end":{"line":11,"column":54}},"line":10},"1":{"name":"getFileFormat","decl":{"start":{"line":14,"column":23},"end":{"line":14,"column":67}},"loc":{"start":{"line":14,"column":23},"end":{"line":14,"column":67}},"line":14},"2":{"name":"readFile","decl":{"start":{"line":17,"column":18},"end":{"line":17,"column":62}},"loc":{"start":{"line":17,"column":18},"end":{"line":17,"column":62}},"line":17}},"f":{"0":16,"1":16,"2":16}}
,"C:\\Users\\Михаил\\Desktop\\Difference calculator\\frontend-project-46\\src\\formatters\\index.js": {"path":"C:\\Users\\Михаил\\Desktop\\Difference calculator\\frontend-project-46\\src\\formatters\\index.js","all":false,"statementMap":{"0":{"start":{"line":1,"column":0},"end":{"line":1,"column":44}},"1":{"start":{"line":2,"column":0},"end":{"line":2,"column":40}},"2":{"start":{"line":3,"column":0},"end":{"line":3,"column":38}},"3":{"start":{"line":4,"column":0},"end":{"line":4,"column":0}},"4":{"start":{"line":5,"column":0},"end":{"line":5,"column":40}},"5":{"start":{"line":6,"column":0},"end":{"line":6,"column":19}},"6":{"start":{"line":7,"column":0},"end":{"line":7,"column":19}},"7":{"start":{"line":8,"column":0},"end":{"line":8,"column":36}},"8":{"start":{"line":9,"column":0},"end":{"line":9,"column":17}},"9":{"start":{"line":10,"column":0},"end":{"line":10,"column":34}},"10":{"start":{"line":11,"column":0},"end":{"line":11,"column":16}},"11":{"start":{"line":12,"column":0},"end":{"line":12,"column":33}},"12":{"start":{"line":13,"column":0},"end":{"line":13,"column":12}},"13":{"start":{"line":14,"column":0},"end":{"line":14,"column":44}},"14":{"start":{"line":15,"column":0},"end":{"line":15,"column":3}},"15":{"start":{"line":16,"column":0},"end":{"line":16,"column":2}},"16":{"start":{"line":17,"column":0},"end":{"line":17,"column":28}}},"s":{"0":1,"1":1,"2":1,"3":1,"4":1,"5":8,"6":8,"7":4,"8":8,"9":2,"10":8,"11":2,"12":8,"13":0,"14":8,"15":8,"16":1},"branchMap":{"0":{"type":"branch","line":5,"loc":{"start":{"line":5,"column":21},"end":{"line":16,"column":2}},"locations":[{"start":{"line":5,"column":21},"end":{"line":16,"column":2}}]},"1":{"type":"branch","line":7,"loc":{"start":{"line":7,"column":4},"end":{"line":8,"column":36}},"locations":[{"start":{"line":7,"column":4},"end":{"line":8,"column":36}}]},"2":{"type":"branch","line":9,"loc":{"start":{"line":9,"column":4},"end":{"line":10,"column":34}},"locations":[{"start":{"line":9,"column":4},"end":{"line":10,"column":34}}]},"3":{"type":"branch","line":11,"loc":{"start":{"line":11,"column":4},"end":{"line":12,"column":33}},"locations":[{"start":{"line":11,"column":4},"end":{"line":12,"column":33}}]},"4":{"type":"branch","line":13,"loc":{"start":{"line":13,"column":4},"end":{"line":14,"column":44}},"locations":[{"start":{"line":13,"column":4},"end":{"line":14,"column":44}}]}},"b":{"0":[8],"1":[4],"2":[2],"3":[2],"4":[0]},"fnMap":{"0":{"name":"choiceFormat","decl":{"start":{"line":5,"column":21},"end":{"line":16,"column":2}},"loc":{"start":{"line":5,"column":21},"end":{"line":16,"column":2}},"line":5}},"f":{"0":8}}
,"C:\\Users\\Михаил\\Desktop\\Difference calculator\\frontend-project-46\\src\\formatters\\json.js": {"path":"C:\\Users\\Михаил\\Desktop\\Difference calculator\\frontend-project-46\\src\\formatters\\json.js","all":false,"statementMap":{"0":{"start":{"line":1,"column":0},"end":{"line":1,"column":53}},"1":{"start":{"line":2,"column":0},"end":{"line":2,"column":0}},"2":{"start":{"line":3,"column":0},"end":{"line":3,"column":29}}},"s":{"0":1,"1":1,"2":1},"branchMap":{"0":{"type":"branch","line":1,"loc":{"start":{"line":1,"column":23},"end":{"line":1,"column":52}},"locations":[{"start":{"line":1,"column":23},"end":{"line":1,"column":52}}]}},"b":{"0":[2]},"fnMap":{"0":{"name":"formateToJson","decl":{"start":{"line":1,"column":23},"end":{"line":1,"column":52}},"loc":{"start":{"line":1,"column":23},"end":{"line":1,"column":52}},"line":1}},"f":{"0":2}}
,"C:\\Users\\Михаил\\Desktop\\Difference calculator\\frontend-project-46\\src\\formatters\\plain.js": {"path":"C:\\Users\\Михаил\\Desktop\\Difference calculator\\frontend-project-46\\src\\formatters\\plain.js","all":false,"statementMap":{"0":{"start":{"line":1,"column":0},"end":{"line":1,"column":23}},"1":{"start":{"line":2,"column":0},"end":{"line":2,"column":49}},"2":{"start":{"line":3,"column":0},"end":{"line":3,"column":43}},"3":{"start":{"line":4,"column":0},"end":{"line":4,"column":41}},"4":{"start":{"line":5,"column":0},"end":{"line":5,"column":70}},"5":{"start":{"line":6,"column":0},"end":{"line":6,"column":0}},"6":{"start":{"line":7,"column":0},"end":{"line":7,"column":76}},"7":{"start":{"line":8,"column":0},"end":{"line":8,"column":44}},"8":{"start":{"line":9,"column":0},"end":{"line":9,"column":43}},"9":{"start":{"line":10,"column":0},"end":{"line":10,"column":33}},"10":{"start":{"line":11,"column":0},"end":{"line":11,"column":0}},"11":{"start":{"line":12,"column":0},"end":{"line":12,"column":44}},"12":{"start":{"line":13,"column":0},"end":{"line":13,"column":43}},"13":{"start":{"line":14,"column":0},"end":{"line":14,"column":33}},"14":{"start":{"line":15,"column":0},"end":{"line":15,"column":0}},"15":{"start":{"line":16,"column":0},"end":{"line":16,"column":49}},"16":{"start":{"line":17,"column":0},"end":{"line":17,"column":49}},"17":{"start":{"line":18,"column":0},"end":{"line":18,"column":53}},"18":{"start":{"line":19,"column":0},"end":{"line":19,"column":0}},"19":{"start":{"line":20,"column":0},"end":{"line":20,"column":76}},"20":{"start":{"line":21,"column":0},"end":{"line":21,"column":0}},"21":{"start":{"line":22,"column":0},"end":{"line":22,"column":29}},"22":{"start":{"line":23,"column":0},"end":{"line":23,"column":34}},"23":{"start":{"line":24,"column":0},"end":{"line":24,"column":24}},"24":{"start":{"line":25,"column":0},"end":{"line":25,"column":3}},"25":{"start":{"line":26,"column":0},"end":{"line":26,"column":63}},"26":{"start":{"line":27,"column":0},"end":{"line":27,"column":2}},"27":{"start":{"line":28,"column":0},"end":{"line":28,"column":0}},"28":{"start":{"line":29,"column":0},"end":{"line":29,"column":34}},"29":{"start":{"line":30,"column":0},"end":{"line":30,"column":33}},"30":{"start":{"line":31,"column":0},"end":{"line":31,"column":44}},"31":{"start":{"line":32,"column":0},"end":{"line":32,"column":61}},"32":{"start":{"line":33,"column":0},"end":{"line":33,"column":65}},"33":{"start":{"line":34,"column":0},"end":{"line":34,"column":23}},"34":{"start":{"line":35,"column":0},"end":{"line":35,"column":22}},"35":{"start":{"line":36,"column":0},"end":{"line":36,"column":42}},"36":{"start":{"line":37,"column":0},"end":{"line":37,"column":23}},"37":{"start":{"line":38,"column":0},"end":{"line":38,"column":54}},"38":{"start":{"line":39,"column":0},"end":{"line":39,"column":21}},"39":{"start":{"line":40,"column":0},"end":{"line":40,"column":74}},"40":{"start":{"line":41,"column":0},"end":{"line":41,"column":18}},"41":{"start":{"line":42,"column":0},"end":{"line":42,"column":14}},"42":{"start":{"line":43,"column":0},"end":{"line":43,"column":23}},"43":{"start":{"line":44,"column":0},"end":{"line":44,"column":70}},"44":{"start":{"line":45,"column":0},"end":{"line":45,"column":18}},"45":{"start":{"line":46,"column":0},"end":{"line":46,"column":37}},"46":{"start":{"line":47,"column":0},"end":{"line":47,"column":25}},"47":{"start":{"line":48,"column":0},"end":{"line":48,"column":20}},"48":{"start":{"line":49,"column":0},"end":{"line":49,"column":16}},"49":{"start":{"line":50,"column":0},"end":{"line":50,"column":53}},"50":{"start":{"line":51,"column":0},"end":{"line":51,"column":7}},"51":{"start":{"line":52,"column":0},"end":{"line":52,"column":7}},"52":{"start":{"line":53,"column":0},"end":{"line":53,"column":34}},"53":{"start":{"line":54,"column":0},"end":{"line":54,"column":4}},"54":{"start":{"line":55,"column":0},"end":{"line":55,"column":24}},"55":{"start":{"line":56,"column":0},"end":{"line":56,"column":2}},"56":{"start":{"line":57,"column":0},"end":{"line":57,"column":0}},"57":{"start":{"line":58,"column":0},"end":{"line":58,"column":30}},"58":{"start":{"line":59,"column":0},"end":{"line":59,"column":0}},"59":{"start":{"line":60,"column":0},"end":{"line":60,"column":44}}},"s":{"0":1,"1":1,"2":1,"3":1,"4":1,"5":1,"6":1,"7":1,"8":1,"9":1,"10":1,"11":1,"12":1,"13":1,"14":1,"15":1,"16":1,"17":1,"18":1,"19":1,"20":1,"21":1,"22":26,"23":14,"24":14,"25":26,"26":26,"27":1,"28":1,"29":2,"30":10,"31":36,"32":36,"33":36,"34":36,"35":8,"36":36,"37":4,"38":36,"39":10,"40":10,"41":10,"42":36,"43":8,"44":8,"45":8,"46":36,"47":6,"48":36,"49":0,"50":36,"51":10,"52":10,"53":2,"54":2,"55":2,"56":1,"57":1,"58":1,"59":1},"branchMap":{"0":{"type":"branch","line":22,"loc":{"start":{"line":22,"column":18},"end":{"line":27,"column":2}},"locations":[{"start":{"line":22,"column":18},"end":{"line":27,"column":2}}]},"1":{"type":"branch","line":23,"loc":{"start":{"line":23,"column":33},"end":{"line":25,"column":3}},"locations":[{"start":{"line":23,"column":33},"end":{"line":25,"column":3}}]},"2":{"type":"branch","line":25,"loc":{"start":{"line":25,"column":2},"end":{"line":26,"column":29}},"locations":[{"start":{"line":25,"column":2},"end":{"line":26,"column":29}}]},"3":{"type":"branch","line":26,"loc":{"start":{"line":26,"column":26},"end":{"line":26,"column":46}},"locations":[{"start":{"line":26,"column":26},"end":{"line":26,"column":46}}]},"4":{"type":"branch","line":26,"loc":{"start":{"line":26,"column":46},"end":{"line":26,"column":62}},"locations":[{"start":{"line":26,"column":46},"end":{"line":26,"column":62}}]},"5":{"type":"branch","line":29,"loc":{"start":{"line":29,"column":24},"end":{"line":56,"column":2}},"locations":[{"start":{"line":29,"column":24},"end":{"line":56,"column":2}}]},"6":{"type":"branch","line":30,"loc":{"start":{"line":30,"column":15},"end":{"line":54,"column":3}},"locations":[{"start":{"line":30,"column":15},"end":{"line":54,"column":3}}]},"7":{"type":"branch","line":31,"loc":{"start":{"line":31,"column":34},"end":{"line":52,"column":5}},"locations":[{"start":{"line":31,"column":34},"end":{"line":52,"column":5}}]},"8":{"type":"branch","line":33,"loc":{"start":{"line":33,"column":34},"end":{"line":33,"column":45}},"locations":[{"start":{"line":33,"column":34},"end":{"line":33,"column":45}}]},"9":{"type":"branch","line":33,"loc":{"start":{"line":33,"column":45},"end":{"line":33,"column":64}},"locations":[{"start":{"line":33,"column":45},"end":{"line":33,"column":64}}]},"10":{"type":"branch","line":35,"loc":{"start":{"line":35,"column":8},"end":{"line":36,"column":42}},"locations":[{"start":{"line":35,"column":8},"end":{"line":36,"column":42}}]},"11":{"type":"branch","line":37,"loc":{"start":{"line":37,"column":8},"end":{"line":38,"column":54}},"locations":[{"start":{"line":37,"column":8},"end":{"line":38,"column":54}}]},"12":{"type":"branch","line":39,"loc":{"start":{"line":39,"column":8},"end":{"line":42,"column":14}},"locations":[{"start":{"line":39,"column":8},"end":{"line":42,"column":14}}]},"13":{"type":"branch","line":43,"loc":{"start":{"line":43,"column":8},"end":{"line":46,"column":37}},"locations":[{"start":{"line":43,"column":8},"end":{"line":46,"column":37}}]},"14":{"type":"branch","line":47,"loc":{"start":{"line":47,"column":8},"end":{"line":48,"column":20}},"locations":[{"start":{"line":47,"column":8},"end":{"line":48,"column":20}}]},"15":{"type":"branch","line":49,"loc":{"start":{"line":49,"column":8},"end":{"line":50,"column":53}},"locations":[{"start":{"line":49,"column":8},"end":{"line":50,"column":53}}]}},"b":{"0":[26],"1":[14],"2":[12],"3":[6],"4":[6],"5":[2],"6":[10],"7":[36],"8":[8],"9":[28],"10":[8],"11":[4],"12":[10],"13":[8],"14":[6],"15":[0]},"fnMap":{"0":{"name":"getValue","decl":{"start":{"line":22,"column":18},"end":{"line":27,"column":2}},"loc":{"start":{"line":22,"column":18},"end":{"line":27,"column":2}},"line":22},"1":{"name":"formateToPlain","decl":{"start":{"line":29,"column":24},"end":{"line":56,"column":2}},"loc":{"start":{"line":29,"column":24},"end":{"line":56,"column":2}},"line":29},"2":{"name":"iter","decl":{"start":{"line":30,"column":15},"end":{"line":54,"column":3}},"loc":{"start":{"line":30,"column":15},"end":{"line":54,"column":3}},"line":30}},"f":{"0":26,"1":2,"2":10}}
,"C:\\Users\\Михаил\\Desktop\\Difference calculator\\frontend-project-46\\src\\formatters\\stylish.js": {"path":"C:\\Users\\Михаил\\Desktop\\Difference calculator\\frontend-project-46\\src\\formatters\\stylish.js","all":false,"statementMap":{"0":{"start":{"line":1,"column":0},"end":{"line":1,"column":23}},"1":{"start":{"line":2,"column":0},"end":{"line":2,"column":0}},"2":{"start":{"line":3,"column":0},"end":{"line":3,"column":60}},"3":{"start":{"line":4,"column":0},"end":{"line":4,"column":43}},"4":{"start":{"line":5,"column":0},"end":{"line":5,"column":0}},"5":{"start":{"line":6,"column":0},"end":{"line":6,"column":67}},"6":{"start":{"line":7,"column":0},"end":{"line":7,"column":53}},"7":{"start":{"line":8,"column":0},"end":{"line":8,"column":0}},"8":{"start":{"line":9,"column":0},"end":{"line":9,"column":40}},"9":{"start":{"line":10,"column":0},"end":{"line":10,"column":31}},"10":{"start":{"line":11,"column":0},"end":{"line":11,"column":21}},"11":{"start":{"line":12,"column":0},"end":{"line":12,"column":3}},"12":{"start":{"line":13,"column":0},"end":{"line":13,"column":0}},"13":{"start":{"line":14,"column":0},"end":{"line":14,"column":40}},"14":{"start":{"line":15,"column":0},"end":{"line":15,"column":47}},"15":{"start":{"line":16,"column":0},"end":{"line":16,"column":44}},"16":{"start":{"line":17,"column":0},"end":{"line":17,"column":33}},"17":{"start":{"line":18,"column":0},"end":{"line":18,"column":80}},"18":{"start":{"line":19,"column":0},"end":{"line":19,"column":4}},"19":{"start":{"line":20,"column":0},"end":{"line":20,"column":65}},"20":{"start":{"line":21,"column":0},"end":{"line":21,"column":16}},"21":{"start":{"line":22,"column":0},"end":{"line":22,"column":2}},"22":{"start":{"line":23,"column":0},"end":{"line":23,"column":0}},"23":{"start":{"line":24,"column":0},"end":{"line":24,"column":36}},"24":{"start":{"line":25,"column":0},"end":{"line":25,"column":45}},"25":{"start":{"line":26,"column":0},"end":{"line":26,"column":42}},"26":{"start":{"line":27,"column":0},"end":{"line":27,"column":49}},"27":{"start":{"line":28,"column":0},"end":{"line":28,"column":50}},"28":{"start":{"line":29,"column":0},"end":{"line":29,"column":61}},"29":{"start":{"line":30,"column":0},"end":{"line":30,"column":23}},"30":{"start":{"line":31,"column":0},"end":{"line":31,"column":22}},"31":{"start":{"line":32,"column":0},"end":{"line":32,"column":74}},"32":{"start":{"line":33,"column":0},"end":{"line":33,"column":23}},"33":{"start":{"line":34,"column":0},"end":{"line":34,"column":77}},"34":{"start":{"line":35,"column":0},"end":{"line":35,"column":21}},"35":{"start":{"line":36,"column":0},"end":{"line":36,"column":77}},"36":{"start":{"line":37,"column":0},"end":{"line":37,"column":25}},"37":{"start":{"line":38,"column":0},"end":{"line":38,"column":77}},"38":{"start":{"line":39,"column":0},"end":{"line":39,"column":23}},"39":{"start":{"line":40,"column":0},"end":{"line":40,"column":18}},"40":{"start":{"line":41,"column":0},"end":{"line":41,"column":72}},"41":{"start":{"line":42,"column":0},"end":{"line":42,"column":72}},"42":{"start":{"line":43,"column":0},"end":{"line":43,"column":12}},"43":{"start":{"line":44,"column":0},"end":{"line":44,"column":16}},"44":{"start":{"line":45,"column":0},"end":{"line":45,"column":53}},"45":{"start":{"line":46,"column":0},"end":{"line":46,"column":7}},"46":{"start":{"line":47,"column":0},"end":{"line":47,"column":7}},"47":{"start":{"line":48,"column":0},"end":{"line":48,"column":59}},"48":{"start":{"line":49,"column":0},"end":{"line":49,"column":4}},"49":{"start":{"line":50,"column":0},"end":{"line":50,"column":0}},"50":{"start":{"line":51,"column":0},"end":{"line":51,"column":20}},"51":{"start":{"line":52,"column":0},"end":{"line":52,"column":2}},"52":{"start":{"line":53,"column":0},"end":{"line":53,"column":0}},"53":{"start":{"line":54,"column":0},"end":{"line":54,"column":32}}},"s":{"0":1,"1":1,"2":1,"3":1,"4":1,"5":1,"6":1,"7":1,"8":1,"9":108,"10":80,"11":80,"12":28,"13":28,"14":28,"15":28,"16":28,"17":28,"18":28,"19":28,"20":28,"21":28,"22":1,"23":1,"24":4,"25":20,"26":20,"27":20,"28":72,"29":72,"30":72,"31":16,"32":72,"33":8,"34":72,"35":20,"36":72,"37":12,"38":72,"39":16,"40":16,"41":16,"42":16,"43":72,"44":0,"45":72,"46":20,"47":20,"48":4,"49":4,"50":4,"51":4,"52":1,"53":1},"branchMap":{"0":{"type":"branch","line":3,"loc":{"start":{"line":3,"column":17},"end":{"line":4,"column":42}},"locations":[{"start":{"line":3,"column":17},"end":{"line":4,"column":42}}]},"1":{"type":"branch","line":6,"loc":{"start":{"line":6,"column":24},"end":{"line":7,"column":52}},"locations":[{"start":{"line":6,"column":24},"end":{"line":7,"column":52}}]},"2":{"type":"branch","line":9,"loc":{"start":{"line":9,"column":18},"end":{"line":22,"column":2}},"locations":[{"start":{"line":9,"column":18},"end":{"line":22,"column":2}}]},"3":{"type":"branch","line":10,"loc":{"start":{"line":10,"column":30},"end":{"line":12,"column":3}},"locations":[{"start":{"line":10,"column":30},"end":{"line":12,"column":3}}]},"4":{"type":"branch","line":12,"loc":{"start":{"line":12,"column":2},"end":{"line":22,"column":2}},"locations":[{"start":{"line":12,"column":2},"end":{"line":22,"column":2}}]},"5":{"type":"branch","line":18,"loc":{"start":{"line":18,"column":4},"end":{"line":18,"column":80}},"locations":[{"start":{"line":18,"column":4},"end":{"line":18,"column":80}}]},"6":{"type":"branch","line":24,"loc":{"start":{"line":24,"column":26},"end":{"line":52,"column":2}},"locations":[{"start":{"line":24,"column":26},"end":{"line":52,"column":2}}]},"7":{"type":"branch","line":25,"loc":{"start":{"line":25,"column":15},"end":{"line":49,"column":3}},"locations":[{"start":{"line":25,"column":15},"end":{"line":49,"column":3}}]},"8":{"type":"branch","line":28,"loc":{"start":{"line":28,"column":40},"end":{"line":47,"column":5}},"locations":[{"start":{"line":28,"column":40},"end":{"line":47,"column":5}}]},"9":{"type":"branch","line":31,"loc":{"start":{"line":31,"column":8},"end":{"line":32,"column":74}},"locations":[{"start":{"line":31,"column":8},"end":{"line":32,"column":74}}]},"10":{"type":"branch","line":33,"loc":{"start":{"line":33,"column":8},"end":{"line":34,"column":77}},"locations":[{"start":{"line":33,"column":8},"end":{"line":34,"column":77}}]},"11":{"type":"branch","line":35,"loc":{"start":{"line":35,"column":8},"end":{"line":36,"column":77}},"locations":[{"start":{"line":35,"column":8},"end":{"line":36,"column":77}}]},"12":{"type":"branch","line":37,"loc":{"start":{"line":37,"column":8},"end":{"line":38,"column":77}},"locations":[{"start":{"line":37,"column":8},"end":{"line":38,"column":77}}]},"13":{"type":"branch","line":39,"loc":{"start":{"line":39,"column":8},"end":{"line":43,"column":12}},"locations":[{"start":{"line":39,"column":8},"end":{"line":43,"column":12}}]},"14":{"type":"branch","line":44,"loc":{"start":{"line":44,"column":8},"end":{"line":45,"column":53}},"locations":[{"start":{"line":44,"column":8},"end":{"line":45,"column":53}}]}},"b":{"0":[48],"1":[48],"2":[108],"3":[80],"4":[28],"5":[36],"6":[4],"7":[20],"8":[72],"9":[16],"10":[8],"11":[20],"12":[12],"13":[16],"14":[0]},"fnMap":{"0":{"name":"getIdent","decl":{"start":{"line":3,"column":17},"end":{"line":4,"column":42}},"loc":{"start":{"line":3,"column":17},"end":{"line":4,"column":42}},"line":3},"1":{"name":"getBrackeIndent","decl":{"start":{"line":6,"column":24},"end":{"line":7,"column":52}},"loc":{"start":{"line":6,"column":24},"end":{"line":7,"column":52}},"line":6},"2":{"name":"stringify","decl":{"start":{"line":9,"column":18},"end":{"line":22,"column":2}},"loc":{"start":{"line":9,"column":18},"end":{"line":22,"column":2}},"line":9},"3":{"name":"formateToStylish","decl":{"start":{"line":24,"column":26},"end":{"line":52,"column":2}},"loc":{"start":{"line":24,"column":26},"end":{"line":52,"column":2}},"line":24},"4":{"name":"iter","decl":{"start":{"line":25,"column":15},"end":{"line":49,"column":3}},"loc":{"start":{"line":25,"column":15},"end":{"line":49,"column":3}},"line":25}},"f":{"0":48,"1":48,"2":108,"3":4,"4":20}}
}
