TN:
SF:src\comparefiles.js
FN:3,getSortedKeys
FN:11,compareFiles
FNF:2
FNH:2
FNDA:40,getSortedKeys
FNDA:40,compareFiles
DA:1,1
DA:2,1
DA:3,1
DA:4,40
DA:5,40
DA:6,40
DA:7,40
DA:8,40
DA:9,40
DA:10,1
DA:11,1
DA:12,40
DA:13,40
DA:14,144
DA:15,144
DA:16,144
DA:17,16
DA:18,16
DA:19,16
DA:20,144
DA:21,40
DA:22,40
DA:23,40
DA:24,144
DA:25,32
DA:26,32
DA:27,32
DA:28,32
DA:29,32
DA:30,32
DA:31,32
DA:32,144
DA:33,24
DA:34,24
DA:35,24
DA:36,32
DA:37,32
DA:38,32
DA:39,32
DA:40,32
DA:41,32
DA:42,40
DA:43,40
DA:44,40
DA:45,1
DA:46,1
LF:46
LH:46
BRDA:3,0,0,40
BRDA:11,1,0,40
BRDA:13,2,0,144
BRDA:16,3,0,104
BRDA:16,4,0,16
BRDA:19,5,0,128
BRDA:20,6,0,40
BRDA:20,7,0,40
BRDA:23,8,0,88
BRDA:24,9,0,40
BRDA:24,10,0,32
BRDA:31,11,0,56
BRDA:32,12,0,24
BRDA:35,13,0,32
BRF:14
BRH:14
end_of_record
TN:
SF:src\index.js
FN:6,gendiff
FNF:1
FNH:1
FNDA:8,gendiff
DA:1,1
DA:2,1
DA:3,1
DA:4,1
DA:5,1
DA:6,1
DA:7,8
DA:8,8
DA:9,8
DA:10,8
DA:11,8
DA:12,8
DA:13,8
DA:14,8
DA:15,8
DA:16,8
DA:17,8
DA:18,8
DA:19,8
DA:20,1
LF:20
LH:20
BRDA:6,0,0,8
BRF:1
BRH:1
end_of_record
TN:
SF:src\parse.js
FN:9,getParsedFile
FNF:1
FNH:1
FNDA:16,getParsedFile
DA:1,1
DA:2,1
DA:3,1
DA:4,1
DA:5,1
DA:6,1
DA:7,1
DA:8,1
DA:9,1
DA:10,16
DA:11,0
DA:12,0
DA:13,16
DA:14,16
DA:15,16
DA:16,1
DA:17,1
LF:17
LH:15
BRDA:9,0,0,16
BRDA:10,1,0,0
BRF:2
BRH:1
end_of_record
TN:
SF:src\tools.js
FN:10,getFilePath
FN:14,getFileFormat
FN:17,readFile
FNF:3
FNH:3
FNDA:16,getFilePath
FNDA:16,getFileFormat
FNDA:16,readFile
DA:1,1
DA:2,1
DA:3,1
DA:4,1
DA:5,1
DA:6,1
DA:7,1
DA:8,1
DA:9,1
DA:10,1
DA:11,1
DA:12,1
DA:13,1
DA:14,1
DA:15,1
DA:16,1
DA:17,1
DA:18,1
DA:19,1
LF:19
LH:19
BRDA:10,0,0,16
BRDA:14,1,0,16
BRDA:17,2,0,16
BRF:3
BRH:3
end_of_record
TN:
SF:src\formatters\index.js
FN:5,choiceFormat
FNF:1
FNH:1
FNDA:8,choiceFormat
DA:1,1
DA:2,1
DA:3,1
DA:4,1
DA:5,1
DA:6,8
DA:7,8
DA:8,4
DA:9,8
DA:10,2
DA:11,8
DA:12,2
DA:13,8
DA:14,0
DA:15,8
DA:16,8
DA:17,1
LF:17
LH:16
BRDA:5,0,0,8
BRDA:7,1,0,4
BRDA:9,2,0,2
BRDA:11,3,0,2
BRDA:13,4,0,0
BRF:5
BRH:4
end_of_record
TN:
SF:src\formatters\json.js
FN:1,formateToJson
FNF:1
FNH:1
FNDA:2,formateToJson
DA:1,1
DA:2,1
DA:3,1
LF:3
LH:3
BRDA:1,0,0,2
BRF:1
BRH:1
end_of_record
TN:
SF:src\formatters\plain.js
FN:22,getValue
FN:29,formateToPlain
FN:30,iter
FNF:3
FNH:3
FNDA:26,getValue
FNDA:2,formateToPlain
FNDA:10,iter
DA:1,1
DA:2,1
DA:3,1
DA:4,1
DA:5,1
DA:6,1
DA:7,1
DA:8,1
DA:9,1
DA:10,1
DA:11,1
DA:12,1
DA:13,1
DA:14,1
DA:15,1
DA:16,1
DA:17,1
DA:18,1
DA:19,1
DA:20,1
DA:21,1
DA:22,1
DA:23,26
DA:24,14
DA:25,14
DA:26,26
DA:27,26
DA:28,1
DA:29,1
DA:30,2
DA:31,10
DA:32,36
DA:33,36
DA:34,36
DA:35,36
DA:36,8
DA:37,36
DA:38,4
DA:39,36
DA:40,10
DA:41,10
DA:42,10
DA:43,36
DA:44,8
DA:45,8
DA:46,8
DA:47,36
DA:48,6
DA:49,36
DA:50,0
DA:51,36
DA:52,10
DA:53,10
DA:54,2
DA:55,2
DA:56,2
DA:57,1
DA:58,1
DA:59,1
DA:60,1
LF:60
LH:59
BRDA:22,0,0,26
BRDA:23,1,0,14
BRDA:25,2,0,12
BRDA:26,3,0,6
BRDA:26,4,0,6
BRDA:29,5,0,2
BRDA:30,6,0,10
BRDA:31,7,0,36
BRDA:33,8,0,8
BRDA:33,9,0,28
BRDA:35,10,0,8
BRDA:37,11,0,4
BRDA:39,12,0,10
BRDA:43,13,0,8
BRDA:47,14,0,6
BRDA:49,15,0,0
BRF:16
BRH:15
end_of_record
TN:
SF:src\formatters\stylish.js
FN:3,getIdent
FN:6,getBrackeIndent
FN:9,stringify
FN:24,formateToStylish
FN:25,iter
FNF:5
FNH:5
FNDA:48,getIdent
FNDA:48,getBrackeIndent
FNDA:108,stringify
FNDA:4,formateToStylish
FNDA:20,iter
DA:1,1
DA:2,1
DA:3,1
DA:4,1
DA:5,1
DA:6,1
DA:7,1
DA:8,1
DA:9,1
DA:10,108
DA:11,80
DA:12,80
DA:13,28
DA:14,28
DA:15,28
DA:16,28
DA:17,28
DA:18,28
DA:19,28
DA:20,28
DA:21,28
DA:22,28
DA:23,1
DA:24,1
DA:25,4
DA:26,20
DA:27,20
DA:28,20
DA:29,72
DA:30,72
DA:31,72
DA:32,16
DA:33,72
DA:34,8
DA:35,72
DA:36,20
DA:37,72
DA:38,12
DA:39,72
DA:40,16
DA:41,16
DA:42,16
DA:43,16
DA:44,72
DA:45,0
DA:46,72
DA:47,20
DA:48,20
DA:49,4
DA:50,4
DA:51,4
DA:52,4
DA:53,1
DA:54,1
LF:54
LH:53
BRDA:3,0,0,48
BRDA:6,1,0,48
BRDA:9,2,0,108
BRDA:10,3,0,80
BRDA:12,4,0,28
BRDA:18,5,0,36
BRDA:24,6,0,4
BRDA:25,7,0,20
BRDA:28,8,0,72
BRDA:31,9,0,16
BRDA:33,10,0,8
BRDA:35,11,0,20
BRDA:37,12,0,12
BRDA:39,13,0,16
BRDA:44,14,0,0
BRF:15
BRH:14
end_of_record
